{
    "count": 10000,
    "successes": 7972,
    "failed_to_download": 1868,
    "failed_to_resize": 160,
    "duration": 684.2515337467194,
    "start_time": 1698899034.5786505,
    "end_time": 1698899718.8301842,
    "status_dict": {
        "success": 7972,
        "HTTP Error 406: Not Acceptable": 35,
        "<urlopen error [Errno -2] Name or service not known>": 308,
        "HTTP Error 404: Not Found": 734,
        "Image decoding error": 152,
        "HTTP Error 400: Bad Request": 43,
        "HTTP Error 429: Too Many Requests": 42,
        "<urlopen error [Errno 111] Connection refused>": 11,
        "<urlopen error [SSL: WRONG_VERSION_NUMBER] wrong version number (_ssl.c:1007)>": 4,
        "HTTP Error 403: Forbidden": 244,
        "<urlopen error [SSL: CERTIFICATE_VERIFY_FAILED] certificate verify failed: Hostname mismatch, certificate is not valid for 'gigbucks.com'. (_ssl.c:1007)>": 1,
        "Use of image disallowed by X-Robots-Tag directive": 22,
        "HTTP Error 404: ": 15,
        "<urlopen error [SSL: TLSV1_UNRECOGNIZED_NAME] tlsv1 unrecognized name (_ssl.c:1007)>": 1,
        "<urlopen error [SSL: CERTIFICATE_VERIFY_FAILED] certificate verify failed: self-signed certificate (_ssl.c:1007)>": 4,
        "<urlopen error timed out>": 56,
        "<urlopen error [SSL: CERTIFICATE_VERIFY_FAILED] certificate verify failed: Hostname mismatch, certificate is not valid for 'images.celebrateexpress.com'. (_ssl.c:1007)>": 5,
        "<urlopen error [SSL: CERTIFICATE_VERIFY_FAILED] certificate verify failed: Hostname mismatch, certificate is not valid for 'blankgc.com.au'. (_ssl.c:1007)>": 1,
        "timed out": 18,
        "<urlopen error [SSL: CERTIFICATE_VERIFY_FAILED] certificate verify failed: certificate has expired (_ssl.c:1007)>": 19,
        "<urlopen error [SSL: CERTIFICATE_VERIFY_FAILED] certificate verify failed: Hostname mismatch, certificate is not valid for 'pics.astrologymemes.com'. (_ssl.c:1007)>": 1,
        "<urlopen error _ssl.c:990: The handshake operation timed out>": 5,
        "HTTP Error 503: Service Unavailable": 28,
        "URL can't contain control characters. '/assets/images/thumbnails/sc-project r ninet s1 exhaust 1_thumbnail.jpg' (found at least ' ')": 1,
        "The read operation timed out": 40,
        "HTTP Error 404: File Not Found": 23,
        "<urlopen error [Errno 101] Network is unreachable>": 3,
        "<urlopen error [SSL: CERTIFICATE_VERIFY_FAILED] certificate verify failed: Hostname mismatch, certificate is not valid for 'iraparenting.com'. (_ssl.c:1007)>": 1,
        "HTTP Error 410: Gone": 14,
        "Remote end closed connection without response": 6,
        "HTTP Error 404: Not Found on Accelerator": 29,
        "<urlopen error [SSL: CERTIFICATE_VERIFY_FAILED] certificate verify failed: Hostname mismatch, certificate is not valid for 'img1.vod.com'. (_ssl.c:1007)>": 1,
        "<urlopen error [SSL: CERTIFICATE_VERIFY_FAILED] certificate verify failed: unable to get local issuer certificate (_ssl.c:1007)>": 16,
        "HTTP Error 308: Permanent Redirect": 4,
        "HTTP Error 441: status code 441": 5,
        "<urlopen error [SSL: CERTIFICATE_VERIFY_FAILED] certificate verify failed: Hostname mismatch, certificate is not valid for 'walldeco.ru'. (_ssl.c:1007)>": 1,
        "<urlopen error [SSL: SSLV3_ALERT_HANDSHAKE_FAILURE] sslv3 alert handshake failure (_ssl.c:1007)>": 8,
        "<urlopen error [SSL: TLSV1_ALERT_INTERNAL_ERROR] tlsv1 alert internal error (_ssl.c:1007)>": 3,
        "HTTP Error 502: Bad Gateway": 7,
        "URL can't contain control characters. '/files/images/2009/010109/Downtown, Sweetwater, Texas 1908 2r.preview.jpg' (found at least ' ')": 1,
        "<urlopen error [Errno 113] No route to host>": 5,
        "HTTP Error 404: The specified blob does not exist.": 1,
        "HTTP Error 500: Internal Server Error": 11,
        "<urlopen error [SSL: CERTIFICATE_VERIFY_FAILED] certificate verify failed: Hostname mismatch, certificate is not valid for 'www.harpersphoto.co.uk'. (_ssl.c:1007)>": 1,
        "<urlopen error [SSL: UNSAFE_LEGACY_RENEGOTIATION_DISABLED] unsafe legacy renegotiation disabled (_ssl.c:1007)>": 2,
        "<urlopen error [SSL: CERTIFICATE_VERIFY_FAILED] certificate verify failed: Hostname mismatch, certificate is not valid for 'pics.awwmemes.com'. (_ssl.c:1007)>": 4,
        "<urlopen error [SSL: CERTIFICATE_VERIFY_FAILED] certificate verify failed: Hostname mismatch, certificate is not valid for 'cdn.webfronts.com'. (_ssl.c:1007)>": 1,
        "HTTP Error 401: Unauthorized": 8,
        "HTTP Error 503: Service Temporarily Unavailable": 1,
        "<urlopen error [SSL: CERTIFICATE_VERIFY_FAILED] certificate verify failed: Hostname mismatch, certificate is not valid for 'skatehut.images.blucommerce.com'. (_ssl.c:1007)>": 1,
        "OpenCV(4.8.1) /io/opencv/modules/imgcodecs/src/loadsave.cpp:802: error: (-215:Assertion failed) !buf.empty() in function 'imdecode_'\n": 8,
        "<urlopen error [SSL: CERTIFICATE_VERIFY_FAILED] certificate verify failed: Hostname mismatch, certificate is not valid for 'wpuploads.appadvice.com'. (_ssl.c:1007)>": 2,
        "<urlopen error [SSL: CERTIFICATE_VERIFY_FAILED] certificate verify failed: Hostname mismatch, certificate is not valid for 'cdn-a.william-reed.com'. (_ssl.c:1007)>": 3,
        "<urlopen error [SSL: CERTIFICATE_VERIFY_FAILED] certificate verify failed: Hostname mismatch, certificate is not valid for 'invimg.autofunds.com'. (_ssl.c:1007)>": 2,
        "HTTP Error 903: Forbidden": 6,
        "<urlopen error [SSL: CERTIFICATE_VERIFY_FAILED] certificate verify failed: Hostname mismatch, certificate is not valid for 'chbtrailnature.be'. (_ssl.c:1007)>": 1,
        "'ascii' codec can't encode character '\\xfc' in position 73: ordinal not in range(128)": 1,
        "HTTP Error 503: first byte timeout": 2,
        "<urlopen error [SSL: CERTIFICATE_VERIFY_FAILED] certificate verify failed: Hostname mismatch, certificate is not valid for 'cdn-ec.niceshops.com'. (_ssl.c:1007)>": 1,
        "HTTP Error 404: NOT FOUND": 1,
        "HTTP Error 526: ": 1,
        "HTTP Error 425: Too Early": 1,
        "HTTP Error 521: ": 4,
        "<urlopen error [SSL: CERTIFICATE_VERIFY_FAILED] certificate verify failed: Hostname mismatch, certificate is not valid for 'comicvine1.cbsistatic.com'. (_ssl.c:1007)>": 1,
        "<urlopen error [SSL: UNEXPECTED_EOF_WHILE_READING] EOF occurred in violation of protocol (_ssl.c:1007)>": 2,
        "HTTP Error 504: Gateway Timeout": 2,
        "<urlopen error [SSL: CERTIFICATE_VERIFY_FAILED] certificate verify failed: Hostname mismatch, certificate is not valid for 'InvImg.autofunds.com'. (_ssl.c:1007)>": 1,
        "HTTP Error 523: ": 1,
        "HTTP Error 503: No healthy IP available for the backend": 1,
        "URL can't contain control characters. '/wp-content/gallery/nggallery-id-56/thumbs/thumbs_Deacon Shane No 025.jpg' (found at least ' ')": 1,
        "<urlopen error [SSL: CERTIFICATE_VERIFY_FAILED] certificate verify failed: Hostname mismatch, certificate is not valid for 'www.img.letgo.com'. (_ssl.c:1007)>": 3,
        "<urlopen error [Errno 104] Connection reset by peer>": 4,
        "<urlopen error [SSL: CERTIFICATE_VERIFY_FAILED] certificate verify failed: Hostname mismatch, certificate is not valid for 'www.azull.eu'. (_ssl.c:1007)>": 1,
        "<urlopen error [SSL: CERTIFICATE_VERIFY_FAILED] certificate verify failed: Hostname mismatch, certificate is not valid for 'img.autoviny.sk'. (_ssl.c:1007)>": 1,
        "HTTP Error 500: Domain Not Found": 1,
        "<urlopen error [SSL: CERTIFICATE_VERIFY_FAILED] certificate verify failed: Hostname mismatch, certificate is not valid for 'garngalleriet.se'. (_ssl.c:1007)>": 1,
        "<urlopen error [SSL: CERTIFICATE_VERIFY_FAILED] certificate verify failed: Hostname mismatch, certificate is not valid for 'ca.autoshack.com'. (_ssl.c:1007)>": 1,
        "HTTP Error 307: The HTTP server returned a redirect error that would lead to an infinite loop.\nThe last 30x error message was:\nTemporary Redirect": 1,
        "<urlopen error [SSL: CERTIFICATE_VERIFY_FAILED] certificate verify failed: Hostname mismatch, certificate is not valid for 'www.xtreme-carbon.com'. (_ssl.c:1007)>": 1,
        "unknown url type: 'UNLIKELY'": 1,
        "'ascii' codec can't encode character '\\xe9' in position 64: ordinal not in range(128)": 1,
        "<urlopen error [SSL: CERTIFICATE_VERIFY_FAILED] certificate verify failed: Hostname mismatch, certificate is not valid for 'img.hgr.am'. (_ssl.c:1007)>": 1,
        "<urlopen error [SSL: CERTIFICATE_VERIFY_FAILED] certificate verify failed: Hostname mismatch, certificate is not valid for 'cdn-3d.niceshops.com'. (_ssl.c:1007)>": 1,
        "HTTP Error 520: Origin Server Unavailable": 1,
        "<urlopen error [SSL: CERTIFICATE_VERIFY_FAILED] certificate verify failed: Hostname mismatch, certificate is not valid for 'assets.archpaper.com'. (_ssl.c:1007)>": 1,
        "HTTP Error 308: Redirected Permanently": 1,
        "<urlopen error [SSL: CERTIFICATE_VERIFY_FAILED] certificate verify failed: Hostname mismatch, certificate is not valid for 'mystore3.no'. (_ssl.c:1007)>": 1,
        "<urlopen error [SSL: CERTIFICATE_VERIFY_FAILED] certificate verify failed: Hostname mismatch, certificate is not valid for 'pics.esmemes.com'. (_ssl.c:1007)>": 1,
        "HTTP Error 301: The HTTP server returned a redirect error that would lead to an infinite loop.\nThe last 30x error message was:\nMoved Permanently": 1,
        "<urlopen error [SSL: CERTIFICATE_VERIFY_FAILED] certificate verify failed: Hostname mismatch, certificate is not valid for 'cdn.cnetcontent.com'. (_ssl.c:1007)>": 1,
        "URL can't contain control characters. '/images/polo160309/Mens Ralph Lauren/Ralph Lauren Hoodies/Polo-Ralph-Lauren-Striped--Pullover-In-Grey-White.jpg' (found at least ' ')": 1,
        "URL can't contain control characters. '/bilder/concept for life french bulldogg adult/0/140/113799_pla_concept_for_life_french_bulldog_4kg_0.jpg' (found at least ' ')": 1,
        "<urlopen error [SSL: CERTIFICATE_VERIFY_FAILED] certificate verify failed: Hostname mismatch, certificate is not valid for 'cdn.anb5.nl'. (_ssl.c:1007)>": 1,
        "<urlopen error [SSL: CERTIFICATE_VERIFY_FAILED] certificate verify failed: Hostname mismatch, certificate is not valid for 'img.edel-optics.lv'. (_ssl.c:1007)>": 1,
        "HTTP Error 530: ": 3,
        "URL can't contain control characters. '/-ZHSQi8FjT4A/UADaokLvJOI/AAAAAAAABvs/0ZcmRQjpXCw/s1600/2012 ncaa football helmet schedule.jpg' (found at least ' ')": 1,
        "<urlopen error [SSL: CERTIFICATE_VERIFY_FAILED] certificate verify failed: Hostname mismatch, certificate is not valid for 'www.churchschicken.ca'. (_ssl.c:1007)>": 1,
        "URL can't contain control characters. '/all/MOJO_pet carrier_CLMIL902_1_520x520.jpg' (found at least ' ')": 1,
        "<urlopen error [SSL: CERTIFICATE_VERIFY_FAILED] certificate verify failed: Hostname mismatch, certificate is not valid for 'www.mandjsunshine.com'. (_ssl.c:1007)>": 1,
        "HTTP Error 520: ": 1,
        "<urlopen error [SSL: CERTIFICATE_VERIFY_FAILED] certificate verify failed: Hostname mismatch, certificate is not valid for 'produkty.polariss.pl'. (_ssl.c:1007)>": 1,
        "<urlopen error [SSL: CERTIFICATE_VERIFY_FAILED] certificate verify failed: Hostname mismatch, certificate is not valid for 'www.franceshunt.co.uk'. (_ssl.c:1007)>": 1
    }
}